<?xml version="1.0" encoding="UTF-8"?>
<testsuite name="FkstHashFileTest" tests="7" skipped="0" failures="0" errors="0" timestamp="2020-05-05T10:35:14" hostname="ITEM-AX32210" time="0.036">
  <properties/>
  <testcase name="generateHash_null_path(Path)[1]" classname="FkstHashFileTest" time="0.004"/>
  <testcase name="generateHash(Path)[1]" classname="FkstHashFileTest" time="0.005"/>
  <testcase name="generateHash(Path)[2]" classname="FkstHashFileTest" time="0.003"/>
  <testcase name="generateHash(Path)[3]" classname="FkstHashFileTest" time="0.004"/>
  <testcase name="generateHash(Path)[4]" classname="FkstHashFileTest" time="0.004"/>
  <testcase name="generateHash(Path)[5]" classname="FkstHashFileTest" time="0.004"/>
  <testcase name="generateHash(Path)[6]" classname="FkstHashFileTest" time="0.005"/>
  <system-out><![CDATA[]]></system-out>
  <system-err><![CDATA[May 05, 2020 1:35:14 PM TestHelper$TestResultLoggerExtension beforeEach
INFO: Executing test void FkstHashFileTest.generateHash_null_path(java.nio.file.Path)
May 05, 2020 1:35:14 PM TestHelper$TestResultLoggerExtension testSuccessful
INFO: Test Successful for test void FkstHashFileTest.generateHash_null_path(java.nio.file.Path) - [1] null 
May 05, 2020 1:35:14 PM TestHelper$TestResultLoggerExtension beforeEach
INFO: Executing test void FkstHashFileTest.generateHash(java.nio.file.Path) throws java.io.IOException
May 05, 2020 1:35:14 PM FkstHashFileTest lambda$generateHash$0
INFO:  -> result  :  c08fa9d5887595980bf64f3b8b47c46dcb05eaf0773187289649e6051ace5d325900d8d1625a60b39717fdc92ea8dc2e636dadd325e1d63ea493c306c7d88639
May 05, 2020 1:35:14 PM TestHelper$TestResultLoggerExtension testSuccessful
INFO: Test Successful for test void FkstHashFileTest.generateHash(java.nio.file.Path) throws java.io.IOException - [1] src\test\resources\test_1 
May 05, 2020 1:35:14 PM TestHelper$TestResultLoggerExtension beforeEach
INFO: Executing test void FkstHashFileTest.generateHash(java.nio.file.Path) throws java.io.IOException
May 05, 2020 1:35:14 PM FkstHashFileTest lambda$generateHash$0
INFO:  -> result  :  1bd881bbef171cbfe2f8cccc1ed7e1bdc8c20077adb4d492ea1a0cb830b05bdc217791e68ab34da967d987cf1250d20aa2d09831f2cb0deeb98fa34c9624ac81
May 05, 2020 1:35:14 PM TestHelper$TestResultLoggerExtension testSuccessful
INFO: Test Successful for test void FkstHashFileTest.generateHash(java.nio.file.Path) throws java.io.IOException - [2] src\test\resources\test_2 
May 05, 2020 1:35:14 PM TestHelper$TestResultLoggerExtension beforeEach
INFO: Executing test void FkstHashFileTest.generateHash(java.nio.file.Path) throws java.io.IOException
May 05, 2020 1:35:14 PM FkstHashFileTest lambda$generateHash$0
INFO:  -> result  :  e09362fd0c3c32bf8cf5517005d96e4aa1fd62fc6cfc74b03423ec02457edc0e21390a3d8da72c7accde24eaeb325befcc5e347baf31f3ae1b25f5be1a4e1201
May 05, 2020 1:35:14 PM TestHelper$TestResultLoggerExtension testSuccessful
INFO: Test Successful for test void FkstHashFileTest.generateHash(java.nio.file.Path) throws java.io.IOException - [3] src\test\resources\test_3 
May 05, 2020 1:35:14 PM TestHelper$TestResultLoggerExtension beforeEach
INFO: Executing test void FkstHashFileTest.generateHash(java.nio.file.Path) throws java.io.IOException
May 05, 2020 1:35:14 PM FkstHashFileTest lambda$generateHash$0
INFO:  -> result  :  a69f73cca23a9ac5c8b567dc185a756e97c982164fe25859e0d1dcc1475c80a615b2123af1f5f94c11e3e9402c3ac558f500199d95b6d3e301758586281dcd26
May 05, 2020 1:35:14 PM TestHelper$TestResultLoggerExtension testSuccessful
INFO: Test Successful for test void FkstHashFileTest.generateHash(java.nio.file.Path) throws java.io.IOException - [4] src\test\resources\test_4 
May 05, 2020 1:35:14 PM TestHelper$TestResultLoggerExtension beforeEach
INFO: Executing test void FkstHashFileTest.generateHash(java.nio.file.Path) throws java.io.IOException
May 05, 2020 1:35:14 PM FkstHashFileTest lambda$generateHash$0
INFO:  -> result  :  a8e57c0b7ae2508e1a85927aa92eb4b83f6abdae056f485428f93d23c773b95b2809d884e1a6eec883d2e4e1a1e879fba40026e1350355c0e22eed4e9717e5ad
May 05, 2020 1:35:14 PM TestHelper$TestResultLoggerExtension testSuccessful
INFO: Test Successful for test void FkstHashFileTest.generateHash(java.nio.file.Path) throws java.io.IOException - [5] src\test\resources\test_5 
May 05, 2020 1:35:14 PM TestHelper$TestResultLoggerExtension beforeEach
INFO: Executing test void FkstHashFileTest.generateHash(java.nio.file.Path) throws java.io.IOException
May 05, 2020 1:35:14 PM FkstHashFileTest lambda$generateHash$0
INFO:  -> result  :  a69f73cca23a9ac5c8b567dc185a756e97c982164fe25859e0d1dcc1475c80a615b2123af1f5f94c11e3e9402c3ac558f500199d95b6d3e301758586281dcd26
May 05, 2020 1:35:14 PM TestHelper$TestResultLoggerExtension testSuccessful
INFO: Test Successful for test void FkstHashFileTest.generateHash(java.nio.file.Path) throws java.io.IOException - [6] src\test\resources\test_6 
May 05, 2020 1:35:14 PM TestHelper$TestResultLoggerExtension afterAll
INFO: Test result summary for FkstHashFileTest {SUCCESSFUL=7}
May 05, 2020 1:35:14 PM TestHelper$TestResultLoggerExtension afterAll
INFO: 


]]></system-err>
</testsuite>
