<?xml version="1.0" encoding="UTF-8"?>
<testsuite name="FkstHashConsoleTest" tests="7" skipped="0" failures="0" errors="0" timestamp="2020-05-05T10:35:14" hostname="ITEM-AX32210" time="0.089">
  <properties/>
  <testcase name="generateHash_null_input(String)[1]" classname="FkstHashConsoleTest" time="0.03"/>
  <testcase name="generateHash(String)[1]" classname="FkstHashConsoleTest" time="0.018"/>
  <testcase name="generateHash(String)[2]" classname="FkstHashConsoleTest" time="0.005"/>
  <testcase name="generateHash(String)[3]" classname="FkstHashConsoleTest" time="0.003"/>
  <testcase name="generateHash(String)[4]" classname="FkstHashConsoleTest" time="0.004"/>
  <testcase name="generateHash(String)[5]" classname="FkstHashConsoleTest" time="0.014"/>
  <testcase name="generateHash_empty_input(String)[1]" classname="FkstHashConsoleTest" time="0.002"/>
  <system-out><![CDATA[]]></system-out>
  <system-err><![CDATA[May 05, 2020 1:35:14 PM TestHelper$TestResultLoggerExtension beforeEach
INFO: Executing test void FkstHashConsoleTest.generateHash_null_input(java.lang.String)
May 05, 2020 1:35:14 PM TestHelper$TestResultLoggerExtension testSuccessful
INFO: Test Successful for test void FkstHashConsoleTest.generateHash_null_input(java.lang.String) - [1] null 
May 05, 2020 1:35:14 PM TestHelper$TestResultLoggerExtension beforeEach
INFO: Executing test void FkstHashConsoleTest.generateHash(java.lang.String)
May 05, 2020 1:35:14 PM FkstHashConsoleTest lambda$generateHash$0
INFO:  -> result  :  e9a75486736a550af4fea861e2378305c4a555a05094dee1dca2f68afea49cc3a50e8de6ea131ea521311f4d6fb054a146e8282f8e35ff2e6368c1a62e909716
May 05, 2020 1:35:14 PM TestHelper$TestResultLoggerExtension testSuccessful
INFO: Test Successful for test void FkstHashConsoleTest.generateHash(java.lang.String) - [1] password 
May 05, 2020 1:35:14 PM TestHelper$TestResultLoggerExtension beforeEach
INFO: Executing test void FkstHashConsoleTest.generateHash(java.lang.String)
May 05, 2020 1:35:14 PM FkstHashConsoleTest lambda$generateHash$0
INFO:  -> result  :  3d7bc8ff047df30b118d405435e5c94bd038dbc77040b55a2fb2cdd2f2bb6f4656d2f6cd76c6d432e303264e65a0b802c9b21f15fbf254c3b2449a803ab0e490
May 05, 2020 1:35:14 PM TestHelper$TestResultLoggerExtension testSuccessful
INFO: Test Successful for test void FkstHashConsoleTest.generateHash(java.lang.String) - [2] changeit 
May 05, 2020 1:35:14 PM TestHelper$TestResultLoggerExtension beforeEach
INFO: Executing test void FkstHashConsoleTest.generateHash(java.lang.String)
May 05, 2020 1:35:14 PM FkstHashConsoleTest lambda$generateHash$0
INFO:  -> result  :  d760688da522b4dc3350e6fb68961b0934f911c7d0ff337438cabf4608789ba94ce70b6601d7e08a279ef088716c4b1913b984513fea4c557d404d0598d4f2f1
May 05, 2020 1:35:14 PM TestHelper$TestResultLoggerExtension testSuccessful
INFO: Test Successful for test void FkstHashConsoleTest.generateHash(java.lang.String) - [3] 1234 
May 05, 2020 1:35:14 PM TestHelper$TestResultLoggerExtension beforeEach
INFO: Executing test void FkstHashConsoleTest.generateHash(java.lang.String)
May 05, 2020 1:35:14 PM FkstHashConsoleTest lambda$generateHash$0
INFO:  -> result  :  e307daea2f0168daa1318e2faa2d67791e9d8e03692a6f7d1eb974e664fe721e81a47b4cf3d0eb19ae5d57afa19a095941cad5a5c050774ad56a8e5e21105757
May 05, 2020 1:35:14 PM TestHelper$TestResultLoggerExtension testSuccessful
INFO: Test Successful for test void FkstHashConsoleTest.generateHash(java.lang.String) - [4]   
May 05, 2020 1:35:14 PM TestHelper$TestResultLoggerExtension beforeEach
INFO: Executing test void FkstHashConsoleTest.generateHash(java.lang.String)
May 05, 2020 1:35:14 PM FkstHashConsoleTest lambda$generateHash$0
INFO:  -> result  :  cd16bab17d3ccf21a6dd52b6c8495fadbc9bbfabd3af3b05828509fc866442502476d5068c7003e4e55396ee88d64e8526b4967d2f557f0f781d3398ddbecb5e
May 05, 2020 1:35:14 PM TestHelper$TestResultLoggerExtension testSuccessful
INFO: Test Successful for test void FkstHashConsoleTest.generateHash(java.lang.String) - [5] [Sv.NB]D3X<;f/W[X&VKta:}hUe*3)r/'jeV6fx6W)W]qUA{yMx=ns<^p@9&%W8G 
May 05, 2020 1:35:14 PM TestHelper$TestResultLoggerExtension beforeEach
INFO: Executing test void FkstHashConsoleTest.generateHash_empty_input(java.lang.String)
May 05, 2020 1:35:14 PM FkstHashConsoleTest lambda$generateHash_empty_input$2
INFO:  -> result  :  a69f73cca23a9ac5c8b567dc185a756e97c982164fe25859e0d1dcc1475c80a615b2123af1f5f94c11e3e9402c3ac558f500199d95b6d3e301758586281dcd26
May 05, 2020 1:35:14 PM TestHelper$TestResultLoggerExtension testSuccessful
INFO: Test Successful for test void FkstHashConsoleTest.generateHash_empty_input(java.lang.String) - [1]  
May 05, 2020 1:35:14 PM TestHelper$TestResultLoggerExtension afterAll
INFO: Test result summary for FkstHashConsoleTest {SUCCESSFUL=7}
May 05, 2020 1:35:14 PM TestHelper$TestResultLoggerExtension afterAll
INFO: 


]]></system-err>
</testsuite>
